{"/Users/rails/Projects/TestTask/TheMovie/app/assets/images/searchList/cross_icon.png": {"path":"/Users/rails/Projects/TestTask/TheMovie/app/assets/images/searchList/cross_icon.png","statementMap":{"0":{"start":{"line":1,"column":0},"end":{"line":4,"column":6}}},"fnMap":{},"branchMap":{},"s":{"0":1},"f":{},"b":{},"inputSourceMap":null,"_coverageSchema":"1a1c01bbd47fc00a2c39e90264f33305004495a9","hash":"4137bc784c3e648e3fc7001f6e8ae6d28e91455c"}
,"/Users/rails/Projects/TestTask/TheMovie/app/assets/images/searchList/search_icon.png": {"path":"/Users/rails/Projects/TestTask/TheMovie/app/assets/images/searchList/search_icon.png","statementMap":{"0":{"start":{"line":1,"column":0},"end":{"line":4,"column":6}}},"fnMap":{},"branchMap":{},"s":{"0":1},"f":{},"b":{},"inputSourceMap":null,"_coverageSchema":"1a1c01bbd47fc00a2c39e90264f33305004495a9","hash":"66152681715092889fbac72cbaa91f8fb92d167c"}
,"/Users/rails/Projects/TestTask/TheMovie/app/components/EmptyListComponent.js": {"path":"/Users/rails/Projects/TestTask/TheMovie/app/components/EmptyListComponent.js","statementMap":{"0":{"start":{"line":1,"column":42},"end":{"line":1,"column":97}},"1":{"start":{"line":1,"column":98},"end":{"line":1,"column":160}},"2":{"start":{"line":1,"column":160},"end":{"line":1,"column":185}},"3":{"start":{"line":1,"column":198},"end":{"line":1,"column":238}},"4":{"start":{"line":2,"column":19},"end":{"line":2,"column":42}},"5":{"start":{"line":3,"column":14},"end":{"line":3,"column":62}},"6":{"start":{"line":4,"column":18},"end":{"line":4,"column":70}},"7":{"start":{"line":5,"column":15},"end":{"line":5,"column":64}},"8":{"start":{"line":5,"column":77},"end":{"line":5,"column":81}},"9":{"start":{"line":5,"column":97},"end":{"line":5,"column":175}},"10":{"start":{"line":7,"column":25},"end":{"line":13,"column":1}},"11":{"start":{"line":8,"column":2},"end":{"line":10,"column":225}},"12":{"start":{"line":15,"column":13},"end":{"line":23,"column":45}},"13":{"start":{"line":27,"column":0},"end":{"line":27,"column":18}},"14":{"start":{"line":27,"column":19},"end":{"line":27,"column":46}}},"fnMap":{"0":{"name":"EmptyListComponent","decl":{"start":{"line":7,"column":34},"end":{"line":7,"column":52}},"loc":{"start":{"line":7,"column":55},"end":{"line":13,"column":1}},"line":7}},"branchMap":{},"s":{"0":1,"1":1,"2":1,"3":1,"4":1,"5":1,"6":1,"7":1,"8":1,"9":1,"10":1,"11":1,"12":1,"13":1,"14":1},"f":{"0":1},"b":{},"inputSourceMap":null,"_coverageSchema":"1a1c01bbd47fc00a2c39e90264f33305004495a9","hash":"4ba0b63a22e2aa21138243927eced7c0ebe90069"}
,"/Users/rails/Projects/TestTask/TheMovie/app/components/LoadMoreFooter.js": {"path":"/Users/rails/Projects/TestTask/TheMovie/app/components/LoadMoreFooter.js","statementMap":{"0":{"start":{"line":1,"column":42},"end":{"line":1,"column":97}},"1":{"start":{"line":1,"column":98},"end":{"line":1,"column":160}},"2":{"start":{"line":1,"column":160},"end":{"line":1,"column":185}},"3":{"start":{"line":1,"column":198},"end":{"line":1,"column":238}},"4":{"start":{"line":2,"column":19},"end":{"line":2,"column":42}},"5":{"start":{"line":3,"column":14},"end":{"line":3,"column":62}},"6":{"start":{"line":4,"column":18},"end":{"line":4,"column":70}},"7":{"start":{"line":5,"column":13},"end":{"line":5,"column":60}},"8":{"start":{"line":5,"column":73},"end":{"line":5,"column":77}},"9":{"start":{"line":5,"column":93},"end":{"line":5,"column":167}},"10":{"start":{"line":7,"column":0},"end":{"line":7,"column":37}},"11":{"start":{"line":7,"column":46},"end":{"line":7,"column":67}},"12":{"start":{"line":9,"column":21},"end":{"line":10,"column":180}},"13":{"start":{"line":9,"column":68},"end":{"line":9,"column":82}},"14":{"start":{"line":9,"column":83},"end":{"line":10,"column":179}},"15":{"start":{"line":12,"column":25},"end":{"line":14,"column":241}},"16":{"start":{"line":12,"column":56},"end":{"line":14,"column":240}},"17":{"start":{"line":18,"column":13},"end":{"line":30,"column":44}},"18":{"start":{"line":34,"column":0},"end":{"line":34,"column":14}},"19":{"start":{"line":34,"column":15},"end":{"line":34,"column":42}}},"fnMap":{"0":{"name":"LoadMoreFooter","decl":{"start":{"line":9,"column":30},"end":{"line":9,"column":44}},"loc":{"start":{"line":9,"column":51},"end":{"line":10,"column":180}},"line":9},"1":{"name":"RenderFooterLoader","decl":{"start":{"line":12,"column":34},"end":{"line":12,"column":52}},"loc":{"start":{"line":12,"column":55},"end":{"line":14,"column":241}},"line":12}},"branchMap":{"0":{"loc":{"start":{"line":10,"column":4},"end":{"line":10,"column":177}},"type":"cond-expr","locations":[{"start":{"line":10,"column":16},"end":{"line":10,"column":170}},{"start":{"line":10,"column":173},"end":{"line":10,"column":177}}],"line":10}},"s":{"0":1,"1":1,"2":1,"3":1,"4":1,"5":1,"6":1,"7":1,"8":1,"9":1,"10":1,"11":1,"12":1,"13":1,"14":1,"15":1,"16":0,"17":1,"18":1,"19":1},"f":{"0":1,"1":0},"b":{"0":[1,0]},"inputSourceMap":null,"_coverageSchema":"1a1c01bbd47fc00a2c39e90264f33305004495a9","hash":"a9483a6b3965024df8310e7375d99735b0751721"}
,"/Users/rails/Projects/TestTask/TheMovie/app/components/MovieListRow.js": {"path":"/Users/rails/Projects/TestTask/TheMovie/app/components/MovieListRow.js","statementMap":{"0":{"start":{"line":1,"column":42},"end":{"line":1,"column":97}},"1":{"start":{"line":1,"column":98},"end":{"line":1,"column":160}},"2":{"start":{"line":1,"column":160},"end":{"line":1,"column":185}},"3":{"start":{"line":1,"column":198},"end":{"line":1,"column":238}},"4":{"start":{"line":2,"column":19},"end":{"line":2,"column":42}},"5":{"start":{"line":3,"column":14},"end":{"line":3,"column":62}},"6":{"start":{"line":4,"column":18},"end":{"line":4,"column":70}},"7":{"start":{"line":5,"column":13},"end":{"line":5,"column":60}},"8":{"start":{"line":6,"column":13},"end":{"line":6,"column":41}},"9":{"start":{"line":6,"column":54},"end":{"line":6,"column":58}},"10":{"start":{"line":6,"column":74},"end":{"line":6,"column":146}},"11":{"start":{"line":8,"column":19},"end":{"line":34,"column":1}},"12":{"start":{"line":8,"column":59},"end":{"line":8,"column":68}},"13":{"start":{"line":8,"column":82},"end":{"line":8,"column":97}},"14":{"start":{"line":9,"column":2},"end":{"line":28,"column":28}},"15":{"start":{"line":12,"column":8},"end":{"line":12,"column":30}},"16":{"start":{"line":36,"column":13},"end":{"line":64,"column":47}},"17":{"start":{"line":68,"column":0},"end":{"line":68,"column":12}},"18":{"start":{"line":68,"column":13},"end":{"line":68,"column":40}}},"fnMap":{"0":{"name":"MovieListRow","decl":{"start":{"line":8,"column":28},"end":{"line":8,"column":40}},"loc":{"start":{"line":8,"column":47},"end":{"line":34,"column":1}},"line":8},"1":{"name":"onPress","decl":{"start":{"line":11,"column":24},"end":{"line":11,"column":31}},"loc":{"start":{"line":11,"column":34},"end":{"line":13,"column":7}},"line":11}},"branchMap":{},"s":{"0":1,"1":1,"2":1,"3":1,"4":1,"5":1,"6":1,"7":1,"8":1,"9":1,"10":1,"11":1,"12":1,"13":1,"14":1,"15":0,"16":1,"17":1,"18":1},"f":{"0":1,"1":0},"b":{},"inputSourceMap":null,"_coverageSchema":"1a1c01bbd47fc00a2c39e90264f33305004495a9","hash":"461fda111e78fbd4e252c228aee125e3c6b6475c"}
,"/Users/rails/Projects/TestTask/TheMovie/app/components/SearchBar.js": {"path":"/Users/rails/Projects/TestTask/TheMovie/app/components/SearchBar.js","statementMap":{"0":{"start":{"line":1,"column":42},"end":{"line":1,"column":97}},"1":{"start":{"line":1,"column":128},"end":{"line":1,"column":184}},"2":{"start":{"line":1,"column":185},"end":{"line":1,"column":247}},"3":{"start":{"line":1,"column":247},"end":{"line":1,"column":272}},"4":{"start":{"line":1,"column":294},"end":{"line":1,"column":365}},"5":{"start":{"line":1,"column":380},"end":{"line":1,"column":397}},"6":{"start":{"line":2,"column":13},"end":{"line":2,"column":54}},"7":{"start":{"line":3,"column":19},"end":{"line":3,"column":42}},"8":{"start":{"line":10,"column":14},"end":{"line":10,"column":62}},"9":{"start":{"line":11,"column":18},"end":{"line":11,"column":70}},"10":{"start":{"line":12,"column":14},"end":{"line":12,"column":62}},"11":{"start":{"line":13,"column":15},"end":{"line":13,"column":64}},"12":{"start":{"line":13,"column":77},"end":{"line":13,"column":81}},"13":{"start":{"line":13,"column":97},"end":{"line":13,"column":166}},"14":{"start":{"line":15,"column":16},"end":{"line":51,"column":1}},"15":{"start":{"line":15,"column":61},"end":{"line":15,"column":78}},"16":{"start":{"line":16,"column":2},"end":{"line":16,"column":26}},"17":{"start":{"line":16,"column":40},"end":{"line":16,"column":82}},"18":{"start":{"line":16,"column":98},"end":{"line":16,"column":111}},"19":{"start":{"line":16,"column":130},"end":{"line":16,"column":143}},"20":{"start":{"line":18,"column":16},"end":{"line":20,"column":9}},"21":{"start":{"line":19,"column":4},"end":{"line":19,"column":29}},"22":{"start":{"line":22,"column":24},"end":{"line":22,"column":104}},"23":{"start":{"line":22,"column":71},"end":{"line":22,"column":98}},"24":{"start":{"line":24,"column":27},"end":{"line":27,"column":3}},"25":{"start":{"line":25,"column":4},"end":{"line":25,"column":32}},"26":{"start":{"line":26,"column":4},"end":{"line":26,"column":32}},"27":{"start":{"line":29,"column":29},"end":{"line":32,"column":3}},"28":{"start":{"line":30,"column":4},"end":{"line":30,"column":24}},"29":{"start":{"line":31,"column":4},"end":{"line":31,"column":66}},"30":{"start":{"line":34,"column":2},"end":{"line":48,"column":11}},"31":{"start":{"line":42,"column":50},"end":{"line":42,"column":83}},"32":{"start":{"line":45,"column":95},"end":{"line":45,"column":125}},"33":{"start":{"line":53,"column":13},"end":{"line":75,"column":16}},"34":{"start":{"line":79,"column":0},"end":{"line":79,"column":9}},"35":{"start":{"line":79,"column":10},"end":{"line":79,"column":37}}},"fnMap":{"0":{"name":"SearchBar","decl":{"start":{"line":15,"column":25},"end":{"line":15,"column":34}},"loc":{"start":{"line":15,"column":41},"end":{"line":51,"column":1}},"line":15},"1":{"name":"(anonymous_1)","decl":{"start":{"line":18,"column":38},"end":{"line":18,"column":39}},"loc":{"start":{"line":18,"column":60},"end":{"line":20,"column":3}},"line":18},"2":{"name":"(anonymous_2)","decl":{"start":{"line":22,"column":48},"end":{"line":22,"column":49}},"loc":{"start":{"line":22,"column":70},"end":{"line":22,"column":99}},"line":22},"3":{"name":"onSearchTextChange","decl":{"start":{"line":24,"column":36},"end":{"line":24,"column":54}},"loc":{"start":{"line":24,"column":67},"end":{"line":27,"column":3}},"line":24},"4":{"name":"onCrossButtonPressed","decl":{"start":{"line":29,"column":38},"end":{"line":29,"column":58}},"loc":{"start":{"line":29,"column":61},"end":{"line":32,"column":3}},"line":29},"5":{"name":"onChangeText","decl":{"start":{"line":42,"column":29},"end":{"line":42,"column":41}},"loc":{"start":{"line":42,"column":49},"end":{"line":42,"column":84}},"line":42},"6":{"name":"onPress","decl":{"start":{"line":45,"column":84},"end":{"line":45,"column":91}},"loc":{"start":{"line":45,"column":94},"end":{"line":45,"column":126}},"line":45}},"branchMap":{"0":{"loc":{"start":{"line":44,"column":4},"end":{"line":48,"column":8}},"type":"cond-expr","locations":[{"start":{"line":45,"column":4},"end":{"line":46,"column":219}},{"start":{"line":48,"column":4},"end":{"line":48,"column":8}}],"line":44}},"s":{"0":1,"1":1,"2":1,"3":1,"4":1,"5":1,"6":1,"7":1,"8":1,"9":1,"10":1,"11":1,"12":1,"13":1,"14":1,"15":1,"16":1,"17":1,"18":1,"19":1,"20":1,"21":0,"22":1,"23":0,"24":1,"25":0,"26":0,"27":1,"28":0,"29":0,"30":1,"31":0,"32":0,"33":1,"34":1,"35":1},"f":{"0":1,"1":0,"2":0,"3":0,"4":0,"5":0,"6":0},"b":{"0":[0,1]},"inputSourceMap":null,"_coverageSchema":"1a1c01bbd47fc00a2c39e90264f33305004495a9","hash":"556842981a9e18e04c2d899821ffe59e478565bd"}
,"/Users/rails/Projects/TestTask/TheMovie/app/res/colors.js": {"path":"/Users/rails/Projects/TestTask/TheMovie/app/res/colors.js","statementMap":{"0":{"start":{"line":1,"column":13},"end":{"line":1,"column":75}},"1":{"start":{"line":1,"column":75},"end":{"line":1,"column":100}},"2":{"start":{"line":1,"column":113},"end":{"line":10,"column":21}},"3":{"start":{"line":13,"column":0},"end":{"line":13,"column":6}},"4":{"start":{"line":13,"column":7},"end":{"line":13,"column":34}}},"fnMap":{},"branchMap":{},"s":{"0":1,"1":1,"2":1,"3":1,"4":1},"f":{},"b":{},"inputSourceMap":null,"_coverageSchema":"1a1c01bbd47fc00a2c39e90264f33305004495a9","hash":"8d202c5635c14349be6a723c91ed3130c59dce81"}
,"/Users/rails/Projects/TestTask/TheMovie/app/res/dimensions.js": {"path":"/Users/rails/Projects/TestTask/TheMovie/app/res/dimensions.js","statementMap":{"0":{"start":{"line":1,"column":13},"end":{"line":1,"column":75}},"1":{"start":{"line":1,"column":75},"end":{"line":1,"column":100}},"2":{"start":{"line":1,"column":117},"end":{"line":12,"column":26}},"3":{"start":{"line":15,"column":0},"end":{"line":15,"column":10}},"4":{"start":{"line":15,"column":11},"end":{"line":15,"column":38}}},"fnMap":{},"branchMap":{},"s":{"0":1,"1":1,"2":1,"3":1,"4":1},"f":{},"b":{},"inputSourceMap":null,"_coverageSchema":"1a1c01bbd47fc00a2c39e90264f33305004495a9","hash":"f5f74ec3956ec47d3ca56903c7ea700a6566e5dc"}
,"/Users/rails/Projects/TestTask/TheMovie/app/res/fonts.js": {"path":"/Users/rails/Projects/TestTask/TheMovie/app/res/fonts.js","statementMap":{"0":{"start":{"line":1,"column":13},"end":{"line":1,"column":75}},"1":{"start":{"line":1,"column":75},"end":{"line":1,"column":100}},"2":{"start":{"line":1,"column":112},"end":{"line":9,"column":16}},"3":{"start":{"line":12,"column":0},"end":{"line":12,"column":5}},"4":{"start":{"line":12,"column":6},"end":{"line":12,"column":33}}},"fnMap":{},"branchMap":{},"s":{"0":1,"1":1,"2":1,"3":1,"4":1},"f":{},"b":{},"inputSourceMap":null,"_coverageSchema":"1a1c01bbd47fc00a2c39e90264f33305004495a9","hash":"c588b78e2241e711f22c3997a20dbed148927c55"}
,"/Users/rails/Projects/TestTask/TheMovie/app/res/images.js": {"path":"/Users/rails/Projects/TestTask/TheMovie/app/res/images.js","statementMap":{"0":{"start":{"line":1,"column":13},"end":{"line":1,"column":75}},"1":{"start":{"line":1,"column":75},"end":{"line":1,"column":100}},"2":{"start":{"line":1,"column":113},"end":{"line":3,"column":68}},"3":{"start":{"line":6,"column":0},"end":{"line":6,"column":6}},"4":{"start":{"line":6,"column":7},"end":{"line":6,"column":34}}},"fnMap":{},"branchMap":{},"s":{"0":1,"1":1,"2":1,"3":1,"4":1},"f":{},"b":{},"inputSourceMap":null,"_coverageSchema":"1a1c01bbd47fc00a2c39e90264f33305004495a9","hash":"5c1c39183a94e17f0c6d26ee2ec89051774ff4f8"}
,"/Users/rails/Projects/TestTask/TheMovie/app/res/strings.js": {"path":"/Users/rails/Projects/TestTask/TheMovie/app/res/strings.js","statementMap":{"0":{"start":{"line":1,"column":13},"end":{"line":1,"column":75}},"1":{"start":{"line":1,"column":75},"end":{"line":1,"column":100}},"2":{"start":{"line":1,"column":114},"end":{"line":14,"column":39}},"3":{"start":{"line":19,"column":0},"end":{"line":19,"column":7}},"4":{"start":{"line":19,"column":8},"end":{"line":19,"column":35}}},"fnMap":{},"branchMap":{},"s":{"0":1,"1":1,"2":1,"3":1,"4":1},"f":{},"b":{},"inputSourceMap":null,"_coverageSchema":"1a1c01bbd47fc00a2c39e90264f33305004495a9","hash":"b212018a527f903603ce0a9854ceedbf04859077"}
,"/Users/rails/Projects/TestTask/TheMovie/app/services/utils.js": {"path":"/Users/rails/Projects/TestTask/TheMovie/app/services/utils.js","statementMap":{"0":{"start":{"line":1,"column":43},"end":{"line":1,"column":99}},"1":{"start":{"line":1,"column":129},"end":{"line":1,"column":184}},"2":{"start":{"line":1,"column":185},"end":{"line":1,"column":247}},"3":{"start":{"line":1,"column":247},"end":{"line":1,"column":377}},"4":{"start":{"line":1,"column":400},"end":{"line":1,"column":472}},"5":{"start":{"line":1,"column":486},"end":{"line":1,"column":526}},"6":{"start":{"line":2,"column":14},"end":{"line":2,"column":55}},"7":{"start":{"line":3,"column":19},"end":{"line":3,"column":42}},"8":{"start":{"line":4,"column":13},"end":{"line":4,"column":62}},"9":{"start":{"line":4,"column":116},"end":{"line":4,"column":135}},"10":{"start":{"line":4,"column":136},"end":{"line":4,"column":381}},"11":{"start":{"line":4,"column":185},"end":{"line":4,"column":221}},"12":{"start":{"line":4,"column":222},"end":{"line":4,"column":349}},"13":{"start":{"line":4,"column":242},"end":{"line":4,"column":349}},"14":{"start":{"line":4,"column":283},"end":{"line":4,"column":346}},"15":{"start":{"line":4,"column":349},"end":{"line":4,"column":380}},"16":{"start":{"line":4,"column":381},"end":{"line":4,"column":393}},"17":{"start":{"line":4,"column":426},"end":{"line":4,"column":911}},"18":{"start":{"line":4,"column":439},"end":{"line":4,"column":440}},"19":{"start":{"line":4,"column":483},"end":{"line":4,"column":523}},"20":{"start":{"line":4,"column":524},"end":{"line":4,"column":910}},"21":{"start":{"line":4,"column":536},"end":{"line":4,"column":649}},"22":{"start":{"line":4,"column":590},"end":{"line":4,"column":646}},"23":{"start":{"line":4,"column":656},"end":{"line":4,"column":910}},"24":{"start":{"line":4,"column":695},"end":{"line":4,"column":769}},"25":{"start":{"line":4,"column":777},"end":{"line":4,"column":909}},"26":{"start":{"line":4,"column":825},"end":{"line":4,"column":906}},"27":{"start":{"line":4,"column":911},"end":{"line":4,"column":925}},"28":{"start":{"line":6,"column":26},"end":{"line":50,"column":1}},"29":{"start":{"line":7,"column":12},"end":{"line":15,"column":43}},"30":{"start":{"line":13,"column":53},"end":{"line":15,"column":39}},"31":{"start":{"line":18,"column":2},"end":{"line":29,"column":5}},"32":{"start":{"line":20,"column":4},"end":{"line":22,"column":33}},"33":{"start":{"line":25,"column":4},"end":{"line":25,"column":18}},"34":{"start":{"line":28,"column":4},"end":{"line":28,"column":33}},"35":{"start":{"line":31,"column":2},"end":{"line":37,"column":5}},"36":{"start":{"line":33,"column":4},"end":{"line":33,"column":18}},"37":{"start":{"line":36,"column":4},"end":{"line":36,"column":33}},"38":{"start":{"line":40,"column":2},"end":{"line":47,"column":5}},"39":{"start":{"line":41,"column":4},"end":{"line":45,"column":5}},"40":{"start":{"line":42,"column":6},"end":{"line":44,"column":14}},"41":{"start":{"line":43,"column":8},"end":{"line":43,"column":93}},"42":{"start":{"line":46,"column":4},"end":{"line":46,"column":18}},"43":{"start":{"line":49,"column":2},"end":{"line":49,"column":13}},"44":{"start":{"line":50,"column":2},"end":{"line":50,"column":52}},"45":{"start":{"line":54,"column":30},"end":{"line":60,"column":14}},"46":{"start":{"line":54,"column":87},"end":{"line":54,"column":157}},"47":{"start":{"line":54,"column":158},"end":{"line":60,"column":13}},"48":{"start":{"line":59,"column":29},"end":{"line":59,"column":65}},"49":{"start":{"line":60,"column":15},"end":{"line":60,"column":73}},"50":{"start":{"line":62,"column":33},"end":{"line":70,"column":1}},"51":{"start":{"line":63,"column":2},"end":{"line":67,"column":3}},"52":{"start":{"line":64,"column":4},"end":{"line":65,"column":66}},"53":{"start":{"line":69,"column":2},"end":{"line":69,"column":16}},"54":{"start":{"line":70,"column":2},"end":{"line":70,"column":66}},"55":{"start":{"line":72,"column":18},"end":{"line":75,"column":1}},"56":{"start":{"line":73,"column":17},"end":{"line":73,"column":47}},"57":{"start":{"line":74,"column":2},"end":{"line":74,"column":18}},"58":{"start":{"line":75,"column":2},"end":{"line":75,"column":36}}},"fnMap":{"0":{"name":"ownKeys","decl":{"start":{"line":4,"column":72},"end":{"line":4,"column":79}},"loc":{"start":{"line":4,"column":104},"end":{"line":4,"column":394}},"line":4},"1":{"name":"(anonymous_1)","decl":{"start":{"line":4,"column":267},"end":{"line":4,"column":268}},"loc":{"start":{"line":4,"column":282},"end":{"line":4,"column":347}},"line":4},"2":{"name":"_objectSpread","decl":{"start":{"line":4,"column":403},"end":{"line":4,"column":416}},"loc":{"start":{"line":4,"column":425},"end":{"line":4,"column":926}},"line":4},"3":{"name":"(anonymous_3)","decl":{"start":{"line":4,"column":574},"end":{"line":4,"column":575}},"loc":{"start":{"line":4,"column":589},"end":{"line":4,"column":647}},"line":4},"4":{"name":"(anonymous_4)","decl":{"start":{"line":4,"column":809},"end":{"line":4,"column":810}},"loc":{"start":{"line":4,"column":824},"end":{"line":4,"column":907}},"line":4},"5":{"name":"createAxiosInstance","decl":{"start":{"line":6,"column":35},"end":{"line":6,"column":54}},"loc":{"start":{"line":6,"column":64},"end":{"line":50,"column":1}},"line":6},"6":{"name":"validateStatus","decl":{"start":{"line":13,"column":29},"end":{"line":13,"column":43}},"loc":{"start":{"line":13,"column":52},"end":{"line":15,"column":40}},"line":13},"7":{"name":"(anonymous_7)","decl":{"start":{"line":19,"column":2},"end":{"line":19,"column":3}},"loc":{"start":{"line":19,"column":20},"end":{"line":26,"column":3}},"line":19},"8":{"name":"(anonymous_8)","decl":{"start":{"line":27,"column":2},"end":{"line":27,"column":3}},"loc":{"start":{"line":27,"column":19},"end":{"line":29,"column":3}},"line":27},"9":{"name":"(anonymous_9)","decl":{"start":{"line":32,"column":2},"end":{"line":32,"column":3}},"loc":{"start":{"line":32,"column":20},"end":{"line":34,"column":3}},"line":32},"10":{"name":"(anonymous_10)","decl":{"start":{"line":35,"column":2},"end":{"line":35,"column":3}},"loc":{"start":{"line":35,"column":19},"end":{"line":37,"column":3}},"line":35},"11":{"name":"(anonymous_11)","decl":{"start":{"line":40,"column":32},"end":{"line":40,"column":33}},"loc":{"start":{"line":40,"column":50},"end":{"line":47,"column":3}},"line":40},"12":{"name":"(anonymous_12)","decl":{"start":{"line":42,"column":17},"end":{"line":42,"column":18}},"loc":{"start":{"line":42,"column":29},"end":{"line":44,"column":7}},"line":42},"13":{"name":"toSanitizedSnakeCaseKey","decl":{"start":{"line":54,"column":39},"end":{"line":54,"column":62}},"loc":{"start":{"line":54,"column":71},"end":{"line":60,"column":14}},"line":54},"14":{"name":"(anonymous_14)","decl":{"start":{"line":59,"column":12},"end":{"line":59,"column":13}},"loc":{"start":{"line":59,"column":28},"end":{"line":59,"column":66}},"line":59},"15":{"name":"globalUserTokenInterceptor","decl":{"start":{"line":62,"column":42},"end":{"line":62,"column":68}},"loc":{"start":{"line":62,"column":77},"end":{"line":70,"column":1}},"line":62},"16":{"name":"getImageUri","decl":{"start":{"line":72,"column":27},"end":{"line":72,"column":38}},"loc":{"start":{"line":72,"column":47},"end":{"line":75,"column":1}},"line":72}},"branchMap":{"0":{"loc":{"start":{"line":4,"column":136},"end":{"line":4,"column":381}},"type":"if","locations":[{"start":{"line":4,"column":136},"end":{"line":4,"column":381}},{"start":{"line":4,"column":136},"end":{"line":4,"column":381}}],"line":4},"1":{"loc":{"start":{"line":4,"column":222},"end":{"line":4,"column":349}},"type":"if","locations":[{"start":{"line":4,"column":222},"end":{"line":4,"column":349}},{"start":{"line":4,"column":222},"end":{"line":4,"column":349}}],"line":4},"2":{"loc":{"start":{"line":4,"column":483},"end":{"line":4,"column":523}},"type":"cond-expr","locations":[{"start":{"line":4,"column":506},"end":{"line":4,"column":518}},{"start":{"line":4,"column":521},"end":{"line":4,"column":523}}],"line":4},"3":{"loc":{"start":{"line":4,"column":524},"end":{"line":4,"column":910}},"type":"if","locations":[{"start":{"line":4,"column":524},"end":{"line":4,"column":910}},{"start":{"line":4,"column":524},"end":{"line":4,"column":910}}],"line":4},"4":{"loc":{"start":{"line":4,"column":656},"end":{"line":4,"column":910}},"type":"if","locations":[{"start":{"line":4,"column":656},"end":{"line":4,"column":910}},{"start":{"line":4,"column":656},"end":{"line":4,"column":910}}],"line":4},"5":{"loc":{"start":{"line":15,"column":8},"end":{"line":15,"column":37}},"type":"binary-expr","locations":[{"start":{"line":15,"column":8},"end":{"line":15,"column":21}},{"start":{"line":15,"column":25},"end":{"line":15,"column":37}}],"line":15},"6":{"loc":{"start":{"line":41,"column":4},"end":{"line":45,"column":5}},"type":"if","locations":[{"start":{"line":41,"column":4},"end":{"line":45,"column":5}},{"start":{"line":41,"column":4},"end":{"line":45,"column":5}}],"line":41},"7":{"loc":{"start":{"line":54,"column":87},"end":{"line":54,"column":157}},"type":"cond-expr","locations":[{"start":{"line":54,"column":140},"end":{"line":54,"column":152}},{"start":{"line":54,"column":155},"end":{"line":54,"column":157}}],"line":54},"8":{"loc":{"start":{"line":54,"column":87},"end":{"line":54,"column":137}},"type":"binary-expr","locations":[{"start":{"line":54,"column":87},"end":{"line":54,"column":107}},{"start":{"line":54,"column":111},"end":{"line":54,"column":137}}],"line":54},"9":{"loc":{"start":{"line":63,"column":2},"end":{"line":67,"column":3}},"type":"if","locations":[{"start":{"line":63,"column":2},"end":{"line":67,"column":3}},{"start":{"line":63,"column":2},"end":{"line":67,"column":3}}],"line":63}},"s":{"0":1,"1":1,"2":1,"3":1,"4":1,"5":1,"6":1,"7":1,"8":1,"9":0,"10":0,"11":0,"12":0,"13":0,"14":0,"15":0,"16":0,"17":0,"18":0,"19":0,"20":0,"21":0,"22":0,"23":0,"24":0,"25":0,"26":0,"27":0,"28":1,"29":0,"30":0,"31":0,"32":0,"33":0,"34":0,"35":0,"36":0,"37":0,"38":0,"39":0,"40":0,"41":0,"42":0,"43":0,"44":1,"45":1,"46":0,"47":0,"48":0,"49":1,"50":1,"51":0,"52":0,"53":0,"54":1,"55":1,"56":1,"57":1,"58":1},"f":{"0":0,"1":0,"2":0,"3":0,"4":0,"5":0,"6":0,"7":0,"8":0,"9":0,"10":0,"11":0,"12":0,"13":0,"14":0,"15":0,"16":1},"b":{"0":[0,0],"1":[0,0],"2":[0,0],"3":[0,0],"4":[0,0],"5":[0,0],"6":[0,0],"7":[0,0],"8":[0,0],"9":[0,0]},"inputSourceMap":null,"_coverageSchema":"1a1c01bbd47fc00a2c39e90264f33305004495a9","hash":"c68c9589de0705ef13969d593c416bbef5fe58dc"}
}
