{"/Users/mac/Desktop/TestTask/TheMovie/app/assets/images/searchList/cross_icon.png": {"path":"/Users/mac/Desktop/TestTask/TheMovie/app/assets/images/searchList/cross_icon.png","statementMap":{"0":{"start":{"line":1,"column":0},"end":{"line":4,"column":6}}},"fnMap":{},"branchMap":{},"s":{"0":2},"f":{},"b":{},"inputSourceMap":null,"_coverageSchema":"1a1c01bbd47fc00a2c39e90264f33305004495a9","hash":"aa10c56b012fa07c8e732ec5e6b0067fb2c3f63e"}
,"/Users/mac/Desktop/TestTask/TheMovie/app/assets/images/searchList/search_icon.png": {"path":"/Users/mac/Desktop/TestTask/TheMovie/app/assets/images/searchList/search_icon.png","statementMap":{"0":{"start":{"line":1,"column":0},"end":{"line":4,"column":6}}},"fnMap":{},"branchMap":{},"s":{"0":2},"f":{},"b":{},"inputSourceMap":null,"_coverageSchema":"1a1c01bbd47fc00a2c39e90264f33305004495a9","hash":"e7ee46b9e47ea90a666ec22fbb7ffecb7b13674a"}
,"/Users/mac/Desktop/TestTask/TheMovie/app/components/MovieListRow.js": {"path":"/Users/mac/Desktop/TestTask/TheMovie/app/components/MovieListRow.js","statementMap":{"0":{"start":{"line":1,"column":42},"end":{"line":1,"column":97}},"1":{"start":{"line":1,"column":98},"end":{"line":1,"column":160}},"2":{"start":{"line":1,"column":160},"end":{"line":1,"column":185}},"3":{"start":{"line":1,"column":198},"end":{"line":1,"column":238}},"4":{"start":{"line":2,"column":19},"end":{"line":2,"column":42}},"5":{"start":{"line":3,"column":14},"end":{"line":3,"column":62}},"6":{"start":{"line":4,"column":13},"end":{"line":4,"column":60}},"7":{"start":{"line":4,"column":73},"end":{"line":4,"column":77}},"8":{"start":{"line":4,"column":93},"end":{"line":4,"column":162}},"9":{"start":{"line":6,"column":19},"end":{"line":28,"column":1}},"10":{"start":{"line":6,"column":59},"end":{"line":6,"column":68}},"11":{"start":{"line":6,"column":82},"end":{"line":6,"column":97}},"12":{"start":{"line":7,"column":2},"end":{"line":23,"column":204}},"13":{"start":{"line":10,"column":8},"end":{"line":10,"column":25}},"14":{"start":{"line":30,"column":13},"end":{"line":56,"column":19}},"15":{"start":{"line":60,"column":0},"end":{"line":60,"column":12}},"16":{"start":{"line":60,"column":13},"end":{"line":60,"column":40}}},"fnMap":{"0":{"name":"MovieListRow","decl":{"start":{"line":6,"column":28},"end":{"line":6,"column":40}},"loc":{"start":{"line":6,"column":47},"end":{"line":28,"column":1}},"line":6},"1":{"name":"onPress","decl":{"start":{"line":9,"column":24},"end":{"line":9,"column":31}},"loc":{"start":{"line":9,"column":34},"end":{"line":11,"column":7}},"line":9}},"branchMap":{},"s":{"0":2,"1":2,"2":2,"3":2,"4":2,"5":2,"6":2,"7":2,"8":2,"9":2,"10":1,"11":1,"12":1,"13":0,"14":2,"15":2,"16":2},"f":{"0":1,"1":0},"b":{},"inputSourceMap":null,"_coverageSchema":"1a1c01bbd47fc00a2c39e90264f33305004495a9","hash":"84056b501b6cf3d688bba55fc7de794a95277e1e"}
,"/Users/mac/Desktop/TestTask/TheMovie/app/components/SearchBar.js": {"path":"/Users/mac/Desktop/TestTask/TheMovie/app/components/SearchBar.js","statementMap":{"0":{"start":{"line":1,"column":42},"end":{"line":1,"column":97}},"1":{"start":{"line":1,"column":128},"end":{"line":1,"column":184}},"2":{"start":{"line":1,"column":185},"end":{"line":1,"column":247}},"3":{"start":{"line":1,"column":247},"end":{"line":1,"column":272}},"4":{"start":{"line":1,"column":294},"end":{"line":1,"column":365}},"5":{"start":{"line":1,"column":380},"end":{"line":1,"column":397}},"6":{"start":{"line":2,"column":13},"end":{"line":2,"column":54}},"7":{"start":{"line":3,"column":19},"end":{"line":3,"column":42}},"8":{"start":{"line":10,"column":14},"end":{"line":10,"column":62}},"9":{"start":{"line":11,"column":13},"end":{"line":11,"column":60}},"10":{"start":{"line":12,"column":14},"end":{"line":12,"column":62}},"11":{"start":{"line":12,"column":75},"end":{"line":12,"column":79}},"12":{"start":{"line":12,"column":95},"end":{"line":12,"column":161}},"13":{"start":{"line":14,"column":16},"end":{"line":54,"column":1}},"14":{"start":{"line":14,"column":61},"end":{"line":14,"column":78}},"15":{"start":{"line":15,"column":2},"end":{"line":15,"column":26}},"16":{"start":{"line":15,"column":40},"end":{"line":15,"column":82}},"17":{"start":{"line":15,"column":98},"end":{"line":15,"column":111}},"18":{"start":{"line":15,"column":130},"end":{"line":15,"column":143}},"19":{"start":{"line":17,"column":16},"end":{"line":19,"column":10}},"20":{"start":{"line":18,"column":4},"end":{"line":18,"column":29}},"21":{"start":{"line":21,"column":24},"end":{"line":21,"column":104}},"22":{"start":{"line":21,"column":71},"end":{"line":21,"column":98}},"23":{"start":{"line":23,"column":27},"end":{"line":26,"column":3}},"24":{"start":{"line":24,"column":4},"end":{"line":24,"column":32}},"25":{"start":{"line":25,"column":4},"end":{"line":25,"column":32}},"26":{"start":{"line":28,"column":29},"end":{"line":30,"column":3}},"27":{"start":{"line":29,"column":4},"end":{"line":29,"column":24}},"28":{"start":{"line":32,"column":2},"end":{"line":51,"column":11}},"29":{"start":{"line":41,"column":8},"end":{"line":41,"column":33}},"30":{"start":{"line":47,"column":8},"end":{"line":47,"column":31}},"31":{"start":{"line":56,"column":13},"end":{"line":78,"column":16}},"32":{"start":{"line":82,"column":0},"end":{"line":82,"column":9}},"33":{"start":{"line":82,"column":10},"end":{"line":82,"column":37}}},"fnMap":{"0":{"name":"SearchBar","decl":{"start":{"line":14,"column":25},"end":{"line":14,"column":34}},"loc":{"start":{"line":14,"column":41},"end":{"line":54,"column":1}},"line":14},"1":{"name":"(anonymous_1)","decl":{"start":{"line":17,"column":38},"end":{"line":17,"column":39}},"loc":{"start":{"line":17,"column":60},"end":{"line":19,"column":3}},"line":17},"2":{"name":"(anonymous_2)","decl":{"start":{"line":21,"column":48},"end":{"line":21,"column":49}},"loc":{"start":{"line":21,"column":70},"end":{"line":21,"column":99}},"line":21},"3":{"name":"onSearchTextChange","decl":{"start":{"line":23,"column":36},"end":{"line":23,"column":54}},"loc":{"start":{"line":23,"column":67},"end":{"line":26,"column":3}},"line":23},"4":{"name":"onCrossButtonPressed","decl":{"start":{"line":28,"column":38},"end":{"line":28,"column":58}},"loc":{"start":{"line":28,"column":61},"end":{"line":30,"column":3}},"line":28},"5":{"name":"onChangeText","decl":{"start":{"line":40,"column":29},"end":{"line":40,"column":41}},"loc":{"start":{"line":40,"column":48},"end":{"line":42,"column":7}},"line":40},"6":{"name":"onPress","decl":{"start":{"line":46,"column":24},"end":{"line":46,"column":31}},"loc":{"start":{"line":46,"column":34},"end":{"line":48,"column":7}},"line":46}},"branchMap":{"0":{"loc":{"start":{"line":44,"column":4},"end":{"line":51,"column":8}},"type":"cond-expr","locations":[{"start":{"line":45,"column":4},"end":{"line":49,"column":219}},{"start":{"line":51,"column":4},"end":{"line":51,"column":8}}],"line":44}},"s":{"0":2,"1":2,"2":2,"3":2,"4":2,"5":2,"6":2,"7":2,"8":2,"9":2,"10":2,"11":2,"12":2,"13":2,"14":1,"15":1,"16":1,"17":1,"18":1,"19":1,"20":0,"21":1,"22":0,"23":1,"24":0,"25":0,"26":1,"27":0,"28":1,"29":0,"30":0,"31":2,"32":2,"33":2},"f":{"0":1,"1":0,"2":0,"3":0,"4":0,"5":0,"6":0},"b":{"0":[0,1]},"inputSourceMap":null,"_coverageSchema":"1a1c01bbd47fc00a2c39e90264f33305004495a9","hash":"4ea9635e47f00c5dc752a8ce416f54646102902d"}
,"/Users/mac/Desktop/TestTask/TheMovie/app/mock/ListMockData.js": {"path":"/Users/mac/Desktop/TestTask/TheMovie/app/mock/ListMockData.js","statementMap":{"0":{"start":{"line":1,"column":13},"end":{"line":1,"column":75}},"1":{"start":{"line":1,"column":75},"end":{"line":1,"column":135}},"2":{"start":{"line":1,"column":154},"end":{"line":12,"column":24}},"3":{"start":{"line":12,"column":25},"end":{"line":12,"column":61}},"4":{"start":{"line":16,"column":26},"end":{"line":33,"column":75}},"5":{"start":{"line":33,"column":76},"end":{"line":33,"column":126}}},"fnMap":{},"branchMap":{},"s":{"0":1,"1":1,"2":1,"3":1,"4":1,"5":1},"f":{},"b":{},"inputSourceMap":null,"_coverageSchema":"1a1c01bbd47fc00a2c39e90264f33305004495a9","hash":"67f5e5ff833f2a38e87c09b523e8c37860425b59"}
,"/Users/mac/Desktop/TestTask/TheMovie/app/res/colors.js": {"path":"/Users/mac/Desktop/TestTask/TheMovie/app/res/colors.js","statementMap":{"0":{"start":{"line":1,"column":13},"end":{"line":1,"column":75}},"1":{"start":{"line":1,"column":75},"end":{"line":1,"column":100}},"2":{"start":{"line":1,"column":113},"end":{"line":9,"column":21}},"3":{"start":{"line":12,"column":0},"end":{"line":12,"column":6}},"4":{"start":{"line":12,"column":7},"end":{"line":12,"column":34}}},"fnMap":{},"branchMap":{},"s":{"0":2,"1":2,"2":2,"3":2,"4":2},"f":{},"b":{},"inputSourceMap":null,"_coverageSchema":"1a1c01bbd47fc00a2c39e90264f33305004495a9","hash":"fd4a9940c40beadb2c826bcbc608f21737e90e75"}
,"/Users/mac/Desktop/TestTask/TheMovie/app/res/fonts.js": {"path":"/Users/mac/Desktop/TestTask/TheMovie/app/res/fonts.js","statementMap":{"0":{"start":{"line":1,"column":13},"end":{"line":1,"column":75}},"1":{"start":{"line":1,"column":75},"end":{"line":1,"column":100}},"2":{"start":{"line":1,"column":112},"end":{"line":16,"column":16}},"3":{"start":{"line":19,"column":0},"end":{"line":19,"column":5}},"4":{"start":{"line":19,"column":6},"end":{"line":19,"column":33}}},"fnMap":{},"branchMap":{},"s":{"0":2,"1":2,"2":2,"3":2,"4":2},"f":{},"b":{},"inputSourceMap":null,"_coverageSchema":"1a1c01bbd47fc00a2c39e90264f33305004495a9","hash":"9b619cf3661197142477015c497d02f7c19cf9e0"}
,"/Users/mac/Desktop/TestTask/TheMovie/app/res/images.js": {"path":"/Users/mac/Desktop/TestTask/TheMovie/app/res/images.js","statementMap":{"0":{"start":{"line":1,"column":13},"end":{"line":1,"column":75}},"1":{"start":{"line":1,"column":75},"end":{"line":1,"column":100}},"2":{"start":{"line":1,"column":113},"end":{"line":3,"column":68}},"3":{"start":{"line":6,"column":0},"end":{"line":6,"column":6}},"4":{"start":{"line":6,"column":7},"end":{"line":6,"column":34}}},"fnMap":{},"branchMap":{},"s":{"0":2,"1":2,"2":2,"3":2,"4":2},"f":{},"b":{},"inputSourceMap":null,"_coverageSchema":"1a1c01bbd47fc00a2c39e90264f33305004495a9","hash":"9babfeaaf97d423b28aaa5778d97bccf938a86ac"}
,"/Users/mac/Desktop/TestTask/TheMovie/app/screens/MovieDetail.js": {"path":"/Users/mac/Desktop/TestTask/TheMovie/app/screens/MovieDetail.js","statementMap":{"0":{"start":{"line":1,"column":42},"end":{"line":1,"column":97}},"1":{"start":{"line":1,"column":98},"end":{"line":1,"column":160}},"2":{"start":{"line":1,"column":160},"end":{"line":1,"column":185}},"3":{"start":{"line":1,"column":198},"end":{"line":1,"column":238}},"4":{"start":{"line":2,"column":19},"end":{"line":2,"column":42}},"5":{"start":{"line":2,"column":55},"end":{"line":2,"column":59}},"6":{"start":{"line":2,"column":75},"end":{"line":2,"column":140}},"7":{"start":{"line":4,"column":18},"end":{"line":10,"column":1}},"8":{"start":{"line":5,"column":2},"end":{"line":7,"column":174}},"9":{"start":{"line":12,"column":13},"end":{"line":13,"column":53}},"10":{"start":{"line":16,"column":0},"end":{"line":16,"column":11}},"11":{"start":{"line":16,"column":12},"end":{"line":16,"column":39}}},"fnMap":{"0":{"name":"MovieDetail","decl":{"start":{"line":4,"column":27},"end":{"line":4,"column":38}},"loc":{"start":{"line":4,"column":41},"end":{"line":10,"column":1}},"line":4}},"branchMap":{},"s":{"0":1,"1":1,"2":1,"3":1,"4":1,"5":1,"6":1,"7":1,"8":1,"9":1,"10":1,"11":1},"f":{"0":1},"b":{},"inputSourceMap":null,"_coverageSchema":"1a1c01bbd47fc00a2c39e90264f33305004495a9","hash":"142b0cddc8fc894dbfde2cb1465d71ee22ee9acb"}
,"/Users/mac/Desktop/TestTask/TheMovie/app/screens/MovieList.js": {"path":"/Users/mac/Desktop/TestTask/TheMovie/app/screens/MovieList.js","statementMap":{"0":{"start":{"line":1,"column":42},"end":{"line":1,"column":97}},"1":{"start":{"line":1,"column":98},"end":{"line":1,"column":160}},"2":{"start":{"line":1,"column":160},"end":{"line":1,"column":185}},"3":{"start":{"line":1,"column":198},"end":{"line":1,"column":238}},"4":{"start":{"line":2,"column":19},"end":{"line":2,"column":42}},"5":{"start":{"line":3,"column":20},"end":{"line":3,"column":81}},"6":{"start":{"line":4,"column":17},"end":{"line":4,"column":75}},"7":{"start":{"line":5,"column":20},"end":{"line":5,"column":51}},"8":{"start":{"line":6,"column":14},"end":{"line":6,"column":62}},"9":{"start":{"line":6,"column":75},"end":{"line":6,"column":79}},"10":{"start":{"line":6,"column":95},"end":{"line":6,"column":158}},"11":{"start":{"line":8,"column":16},"end":{"line":31,"column":1}},"12":{"start":{"line":9,"column":2},"end":{"line":25,"column":228}},"13":{"start":{"line":13,"column":8},"end":{"line":13,"column":40}},"14":{"start":{"line":19,"column":49},"end":{"line":19,"column":64}},"15":{"start":{"line":20,"column":45},"end":{"line":25,"column":120}},"16":{"start":{"line":24,"column":14},"end":{"line":24,"column":43}},"17":{"start":{"line":33,"column":13},"end":{"line":39,"column":47}},"18":{"start":{"line":43,"column":0},"end":{"line":43,"column":9}},"19":{"start":{"line":43,"column":10},"end":{"line":43,"column":37}}},"fnMap":{"0":{"name":"MovieList","decl":{"start":{"line":8,"column":25},"end":{"line":8,"column":34}},"loc":{"start":{"line":8,"column":37},"end":{"line":31,"column":1}},"line":8},"1":{"name":"onTextChange","decl":{"start":{"line":12,"column":29},"end":{"line":12,"column":41}},"loc":{"start":{"line":12,"column":54},"end":{"line":14,"column":7}},"line":12},"2":{"name":"keyExtractor","decl":{"start":{"line":19,"column":29},"end":{"line":19,"column":41}},"loc":{"start":{"line":19,"column":48},"end":{"line":19,"column":65}},"line":19},"3":{"name":"renderItem","decl":{"start":{"line":20,"column":27},"end":{"line":20,"column":37}},"loc":{"start":{"line":20,"column":44},"end":{"line":25,"column":121}},"line":20},"4":{"name":"onRowPress","decl":{"start":{"line":23,"column":33},"end":{"line":23,"column":43}},"loc":{"start":{"line":23,"column":58},"end":{"line":25,"column":13}},"line":23}},"branchMap":{},"s":{"0":1,"1":1,"2":1,"3":1,"4":1,"5":1,"6":1,"7":1,"8":1,"9":1,"10":1,"11":1,"12":1,"13":0,"14":0,"15":0,"16":0,"17":1,"18":1,"19":1},"f":{"0":1,"1":0,"2":0,"3":0,"4":0},"b":{},"inputSourceMap":null,"_coverageSchema":"1a1c01bbd47fc00a2c39e90264f33305004495a9","hash":"3fba548265dd10a658c17cab11e13977a4164dca"}
}
