TN:
SF:app/assets/images/searchList/cross_icon.png
FNF:0
FNH:0
DA:1,2
LF:1
LH:1
BRF:0
BRH:0
end_of_record
TN:
SF:app/assets/images/searchList/search_icon.png
FNF:0
FNH:0
DA:1,2
LF:1
LH:1
BRF:0
BRH:0
end_of_record
TN:
SF:app/components/MovieListRow.js
FN:6,MovieListRow
FN:9,onPress
FNF:2
FNH:1
FNDA:1,MovieListRow
FNDA:0,onPress
DA:1,2
DA:2,2
DA:3,2
DA:4,2
DA:6,2
DA:7,1
DA:10,0
DA:30,2
DA:60,2
LF:9
LH:8
BRF:0
BRH:0
end_of_record
TN:
SF:app/components/SearchBar.js
FN:14,SearchBar
FN:17,(anonymous_1)
FN:21,(anonymous_2)
FN:23,onSearchTextChange
FN:28,onCrossButtonPressed
FN:40,onChangeText
FN:46,onPress
FNF:7
FNH:1
FNDA:1,SearchBar
FNDA:0,(anonymous_1)
FNDA:0,(anonymous_2)
FNDA:0,onSearchTextChange
FNDA:0,onCrossButtonPressed
FNDA:0,onChangeText
FNDA:0,onPress
DA:1,2
DA:2,2
DA:3,2
DA:10,2
DA:11,2
DA:12,2
DA:14,2
DA:15,1
DA:17,1
DA:18,0
DA:21,1
DA:23,1
DA:24,0
DA:25,0
DA:28,1
DA:29,0
DA:32,1
DA:41,0
DA:47,0
DA:56,2
DA:82,2
LF:21
LH:15
BRDA:44,0,0,0
BRDA:44,0,1,1
BRF:2
BRH:1
end_of_record
TN:
SF:app/mock/ListMockData.js
FNF:0
FNH:0
DA:1,1
DA:12,1
DA:16,1
DA:33,1
LF:4
LH:4
BRF:0
BRH:0
end_of_record
TN:
SF:app/res/colors.js
FNF:0
FNH:0
DA:1,2
DA:12,2
LF:2
LH:2
BRF:0
BRH:0
end_of_record
TN:
SF:app/res/fonts.js
FNF:0
FNH:0
DA:1,2
DA:19,2
LF:2
LH:2
BRF:0
BRH:0
end_of_record
TN:
SF:app/res/images.js
FNF:0
FNH:0
DA:1,2
DA:6,2
LF:2
LH:2
BRF:0
BRH:0
end_of_record
TN:
SF:app/screens/MovieDetail.js
FN:4,MovieDetail
FNF:1
FNH:1
FNDA:1,MovieDetail
DA:1,1
DA:2,1
DA:4,1
DA:5,1
DA:12,1
DA:16,1
LF:6
LH:6
BRF:0
BRH:0
end_of_record
TN:
SF:app/screens/MovieList.js
FN:8,MovieList
FN:12,onTextChange
FN:19,keyExtractor
FN:20,renderItem
FN:23,onRowPress
FNF:5
FNH:1
FNDA:1,MovieList
FNDA:0,onTextChange
FNDA:0,keyExtractor
FNDA:0,renderItem
FNDA:0,onRowPress
DA:1,1
DA:2,1
DA:3,1
DA:4,1
DA:5,1
DA:6,1
DA:8,1
DA:9,1
DA:13,0
DA:19,0
DA:20,0
DA:24,0
DA:33,1
DA:43,1
LF:14
LH:10
BRF:0
BRH:0
end_of_record
