TN:
SF:app/assets/images/searchList/cross_icon.png
FNF:0
FNH:0
DA:1,1
LF:1
LH:1
BRF:0
BRH:0
end_of_record
TN:
SF:app/assets/images/searchList/search_icon.png
FNF:0
FNH:0
DA:1,1
LF:1
LH:1
BRF:0
BRH:0
end_of_record
TN:
SF:app/components/EmptyListComponent.js
FN:7,EmptyListComponent
FNF:1
FNH:1
FNDA:1,EmptyListComponent
DA:1,1
DA:2,1
DA:3,1
DA:4,1
DA:5,1
DA:7,1
DA:8,1
DA:15,1
DA:27,1
LF:9
LH:9
BRF:0
BRH:0
end_of_record
TN:
SF:app/components/LoadMoreFooter.js
FN:9,LoadMoreFooter
FN:12,RenderFooterLoader
FNF:2
FNH:1
FNDA:1,LoadMoreFooter
FNDA:0,RenderFooterLoader
DA:1,1
DA:2,1
DA:3,1
DA:4,1
DA:5,1
DA:7,1
DA:9,1
DA:12,1
DA:18,1
DA:34,1
LF:10
LH:10
BRDA:10,0,0,1
BRDA:10,0,1,0
BRF:2
BRH:1
end_of_record
TN:
SF:app/components/MovieListRow.js
FN:8,MovieListRow
FN:11,onPress
FNF:2
FNH:1
FNDA:1,MovieListRow
FNDA:0,onPress
DA:1,1
DA:2,1
DA:3,1
DA:4,1
DA:5,1
DA:6,1
DA:8,1
DA:9,1
DA:12,0
DA:36,1
DA:68,1
LF:11
LH:10
BRF:0
BRH:0
end_of_record
TN:
SF:app/components/SearchBar.js
FN:15,SearchBar
FN:18,(anonymous_1)
FN:22,(anonymous_2)
FN:24,onSearchTextChange
FN:29,onCrossButtonPressed
FN:42,onChangeText
FN:45,onPress
FNF:7
FNH:1
FNDA:1,SearchBar
FNDA:0,(anonymous_1)
FNDA:0,(anonymous_2)
FNDA:0,onSearchTextChange
FNDA:0,onCrossButtonPressed
FNDA:0,onChangeText
FNDA:0,onPress
DA:1,1
DA:2,1
DA:3,1
DA:10,1
DA:11,1
DA:12,1
DA:13,1
DA:15,1
DA:16,1
DA:18,1
DA:19,0
DA:22,1
DA:24,1
DA:25,0
DA:26,0
DA:29,1
DA:30,0
DA:31,0
DA:34,1
DA:42,0
DA:45,0
DA:53,1
DA:79,1
LF:23
LH:16
BRDA:44,0,0,0
BRDA:44,0,1,1
BRF:2
BRH:1
end_of_record
TN:
SF:app/res/colors.js
FNF:0
FNH:0
DA:1,1
DA:13,1
LF:2
LH:2
BRF:0
BRH:0
end_of_record
TN:
SF:app/res/dimensions.js
FNF:0
FNH:0
DA:1,1
DA:15,1
LF:2
LH:2
BRF:0
BRH:0
end_of_record
TN:
SF:app/res/fonts.js
FNF:0
FNH:0
DA:1,1
DA:12,1
LF:2
LH:2
BRF:0
BRH:0
end_of_record
TN:
SF:app/res/images.js
FNF:0
FNH:0
DA:1,1
DA:6,1
LF:2
LH:2
BRF:0
BRH:0
end_of_record
TN:
SF:app/res/strings.js
FNF:0
FNH:0
DA:1,1
DA:19,1
LF:2
LH:2
BRF:0
BRH:0
end_of_record
TN:
SF:app/services/utils.js
FN:4,ownKeys
FN:4,(anonymous_1)
FN:4,_objectSpread
FN:4,(anonymous_3)
FN:4,(anonymous_4)
FN:6,createAxiosInstance
FN:13,validateStatus
FN:19,(anonymous_7)
FN:27,(anonymous_8)
FN:32,(anonymous_9)
FN:35,(anonymous_10)
FN:40,(anonymous_11)
FN:42,(anonymous_12)
FN:54,toSanitizedSnakeCaseKey
FN:59,(anonymous_14)
FN:62,globalUserTokenInterceptor
FN:72,getImageUri
FNF:17
FNH:1
FNDA:0,ownKeys
FNDA:0,(anonymous_1)
FNDA:0,_objectSpread
FNDA:0,(anonymous_3)
FNDA:0,(anonymous_4)
FNDA:0,createAxiosInstance
FNDA:0,validateStatus
FNDA:0,(anonymous_7)
FNDA:0,(anonymous_8)
FNDA:0,(anonymous_9)
FNDA:0,(anonymous_10)
FNDA:0,(anonymous_11)
FNDA:0,(anonymous_12)
FNDA:0,toSanitizedSnakeCaseKey
FNDA:0,(anonymous_14)
FNDA:0,globalUserTokenInterceptor
FNDA:1,getImageUri
DA:1,1
DA:2,1
DA:3,1
DA:4,1
DA:6,1
DA:7,0
DA:13,0
DA:18,0
DA:20,0
DA:25,0
DA:28,0
DA:31,0
DA:33,0
DA:36,0
DA:40,0
DA:41,0
DA:42,0
DA:43,0
DA:46,0
DA:49,0
DA:50,1
DA:54,1
DA:59,0
DA:60,1
DA:62,1
DA:63,0
DA:64,0
DA:69,0
DA:70,1
DA:72,1
DA:73,1
DA:74,1
DA:75,1
LF:33
LH:14
BRDA:4,0,0,0
BRDA:4,0,1,0
BRDA:4,1,0,0
BRDA:4,1,1,0
BRDA:4,2,0,0
BRDA:4,2,1,0
BRDA:4,3,0,0
BRDA:4,3,1,0
BRDA:4,4,0,0
BRDA:4,4,1,0
BRDA:15,5,0,0
BRDA:15,5,1,0
BRDA:41,6,0,0
BRDA:41,6,1,0
BRDA:54,7,0,0
BRDA:54,7,1,0
BRDA:54,8,0,0
BRDA:54,8,1,0
BRDA:63,9,0,0
BRDA:63,9,1,0
BRF:20
BRH:0
end_of_record
